[debug] [2023-03-22T16:12:53.139Z] ----------------------------------------------------------------------
[debug] [2023-03-22T16:12:53.142Z] Command:       /usr/local/bin/node /usr/local/bin/firebase use --add
[debug] [2023-03-22T16:12:53.142Z] CLI Version:   11.25.1
[debug] [2023-03-22T16:12:53.143Z] Platform:      darwin
[debug] [2023-03-22T16:12:53.143Z] Node Version:  v19.8.1
[debug] [2023-03-22T16:12:53.143Z] Time:          Wed Mar 22 2023 11:12:53 GMT-0500 (Central Daylight Time)
[debug] [2023-03-22T16:12:53.143Z] ----------------------------------------------------------------------
[debug] 
[debug] [2023-03-22T16:12:53.197Z] > command requires scopes: ["email","openid","https://www.googleapis.com/auth/cloudplatformprojects.readonly","https://www.googleapis.com/auth/firebase","https://www.googleapis.com/auth/cloud-platform"]
[debug] [2023-03-22T16:12:53.197Z] > authorizing via signed-in user (alexwroble@gmail.com)
[debug] [2023-03-22T16:12:53.198Z] > refreshing access token with scopes: []
[debug] [2023-03-22T16:12:53.199Z] >>> [apiv2][query] POST https://www.googleapis.com/oauth2/v3/token [none]
[debug] [2023-03-22T16:12:53.200Z] >>> [apiv2][body] POST https://www.googleapis.com/oauth2/v3/token [omitted]
[debug] [2023-03-22T16:12:53.399Z] <<< [apiv2][status] POST https://www.googleapis.com/oauth2/v3/token 400
[debug] [2023-03-22T16:12:53.400Z] <<< [apiv2][body] POST https://www.googleapis.com/oauth2/v3/token [omitted]
[debug] [2023-03-22T16:12:53.400Z] >>> [apiv2][query] GET https://firebase.googleapis.com/v1beta1/projects pageSize=1000
[debug] [2023-03-22T16:12:53.911Z] <<< [apiv2][status] GET https://firebase.googleapis.com/v1beta1/projects 401
[debug] [2023-03-22T16:12:53.911Z] <<< [apiv2][body] GET https://firebase.googleapis.com/v1beta1/projects [omitted]
[debug] [2023-03-22T16:12:53.912Z] HTTP Error: 401, Request had invalid authentication credentials. Expected OAuth 2 access token, login cookie or other valid authentication credential. See https://developers.google.com/identity/sign-in/web/devconsole-project.
[debug] [2023-03-22T16:12:54.351Z] FirebaseError: HTTP Error: 401, Request had invalid authentication credentials. Expected OAuth 2 access token, login cookie or other valid authentication credential. See https://developers.google.com/identity/sign-in/web/devconsole-project.
    at responseToError (/usr/local/lib/node_modules/firebase-tools/lib/responseToError.js:49:12)
    at RetryOperation._fn (/usr/local/lib/node_modules/firebase-tools/lib/apiv2.js:288:77)
    at process.processTicksAndRejections (node:internal/process/task_queues:95:5)
[error] 
[error] Error: Failed to list Firebase projects. See firebase-debug.log for more info.
